\BOOKMARK [0][-]{chapter.1}{Cyflwyniad}{}% 1
\BOOKMARK [1][-]{section.1.1}{Beth\040yw\040Dysgu\040Peirianyddol}{chapter.1}% 2
\BOOKMARK [1][-]{section.1.2}{Adnoddau\040Cyfrwng\040Cymraeg\040ar\040gyfer\040Dysgu\040Peirianyddol}{chapter.1}% 3
\BOOKMARK [1][-]{section.1.3}{Strwythyr}{chapter.1}% 4
\BOOKMARK [0][-]{chapter.2}{Clystyru\040k-Cymedr}{}% 5
\BOOKMARK [1][-]{section.2.1}{Cefndir}{chapter.2}% 6
\BOOKMARK [1][-]{section.2.2}{Sut\040mae\040Clystyru\040K-cymedr\040yn\040gweithio?}{chapter.2}% 7
\BOOKMARK [1][-]{section.2.3}{Tiwtorial\040yn\040R}{chapter.2}% 8
\BOOKMARK [1][-]{section.2.4}{Tiwtorial\040yn\040python}{chapter.2}% 9
\BOOKMARK [0][-]{chapter.3}{Atchweliad\040Logistaidd}{}% 10
\BOOKMARK [1][-]{section.3.1}{Cefndir}{chapter.3}% 11
\BOOKMARK [1][-]{section.3.2}{Sut\040mae\040atchweliad\040logistaidd\040yn\040gweithio?}{chapter.3}% 12
\BOOKMARK [1][-]{section.3.3}{Tiwtorial\040yn\040R}{chapter.3}% 13
\BOOKMARK [1][-]{section.3.4}{Tiwtorial\040yn\040Python}{chapter.3}% 14
\BOOKMARK [0][-]{chapter.4}{Dosbarthiad Naïf Bayes}{}% 15
\BOOKMARK [1][-]{section.4.1}{Cefndir}{chapter.4}% 16
\BOOKMARK [1][-]{section.4.2}{Yr\040Algorithm}{chapter.4}% 17
\BOOKMARK [1][-]{section.4.3}{Tiwtorial\040yn\040R}{chapter.4}% 18
\BOOKMARK [1][-]{section.4.4}{Tiwtorial\040yn\040Python}{chapter.4}% 19
\BOOKMARK [0][-]{chapter.5}{Termau}{}% 20
